<?xml version="1.0" encoding="UTF-8"?>
<!-- Generated by org.testng.reporters.JUnitReportReporter -->
<testsuite hostname="DESKTOP-IT9VA0I" failures="0" tests="1" name="tests.TwoTest" time="7.608" errors="0" timestamp="2022-09-01T22:28:28 IST" skipped="0">
  <testcase classname="tests.TwoTest" name="testTwo" time="7.608"/>
  <system-out/>
</testsuite> <!-- tests.TwoTest -->
