<?xml version="1.0" encoding="UTF-8"?>
<!-- Generated by org.testng.reporters.JUnitReportReporter -->
<testsuite hostname="DESKTOP-IT9VA0I" failures="0" tests="1" name="tests.TestOne" time="34.839" errors="0" timestamp="2022-09-01T13:07:58 IST" skipped="0">
  <testcase classname="tests.TestOne" name="testOne" time="34.839"/>
  <system-out/>
</testsuite> <!-- tests.TestOne -->
