<?xml version="1.0" encoding="UTF-8"?>
<!-- Generated by org.testng.reporters.JUnitReportReporter -->
<testsuite hostname="DESKTOP-IT9VA0I" failures="0" tests="1" name="tests.TestTwo" time="36.391" errors="0" timestamp="2022-09-01T13:07:58 IST" skipped="0">
  <testcase classname="tests.TestTwo" name="testTwo" time="36.391"/>
  <system-out/>
</testsuite> <!-- tests.TestTwo -->
