<?xml version="1.0" encoding="UTF-8"?>
<!-- Generated by org.testng.reporters.JUnitReportReporter -->
<testsuite hostname="DESKTOP-IT9VA0I" failures="0" tests="1" name="tests.TestThree" time="35.262" errors="0" timestamp="2022-09-01T13:07:58 IST" skipped="0">
  <testcase classname="tests.TestThree" name="testThree" time="35.262"/>
  <system-out/>
</testsuite> <!-- tests.TestThree -->
