<?xml version="1.0" encoding="UTF-8"?>
<!-- Generated by org.testng.reporters.JUnitReportReporter -->
<testsuite hostname="DESKTOP-IT9VA0I" failures="0" tests="1" name="tests.LoginTest" time="11.250" errors="0" timestamp="2022-09-01T22:28:28 IST" skipped="0">
  <testcase classname="tests.LoginTest" name="login" time="11.250"/>
  <system-out/>
</testsuite> <!-- tests.LoginTest -->
